alpha_control
2023-07-10 21:52:24,351|caper.cli|INFO| Cromwell stdout: /oak/stanford/groups/akundaje/ziwei75/ALS_colab/script/cromwell.out
2023-07-10 21:52:24,371|caper.caper_base|INFO| Creating a timestamped temporary directory. /scratch/users/ziwei75/ALS_colab/output/alpha_control/.caper_tmp/atac/20230710_215224_357167
2023-07-10 21:52:24,371|caper.caper_runner|INFO| Localizing files on work_dir. /scratch/users/ziwei75/ALS_colab/output/alpha_control/.caper_tmp/atac/20230710_215224_357167
2023-07-10 21:52:25,482|caper.cromwell|INFO| Validating WDL/inputs/imports with Womtool...
2023-07-10 21:52:32,562|caper.nb_subproc_thread|INFO| Subprocess finished successfully.
2023-07-10 21:52:32,562|caper.cromwell|INFO| Passed Womtool validation.
2023-07-10 21:52:32,563|caper.caper_runner|INFO| launching run: wdl=/home/users/ziwei75/atac-seq-pipeline/atac.wdl, inputs=/oak/stanford/groups/akundaje/ziwei75/ALS_colab/script/alpha_control.json, backend_conf=/scratch/users/ziwei75/ALS_colab/output/alpha_control/.caper_tmp/atac/20230710_215224_357167/backend.conf
2023-07-10 21:52:45,553|caper.cromwell_workflow_monitor|INFO| Workflow: id=c0e3eacd-1682-4e35-b624-65da6bb371a8, status=Submitted
2023-07-10 21:52:45,649|caper.cromwell_workflow_monitor|INFO| Workflow: id=c0e3eacd-1682-4e35-b624-65da6bb371a8, status=Running
2023-07-10 21:53:05,159|caper.cromwell_workflow_monitor|INFO| Task: id=c0e3eacd-1682-4e35-b624-65da6bb371a8, task=atac.read_genome_tsv:-1, retry=0, status=Started, job_id=23744779
2023-07-10 21:53:05,164|caper.cromwell_workflow_monitor|INFO| Task: id=c0e3eacd-1682-4e35-b624-65da6bb371a8, task=atac.read_genome_tsv:-1, retry=0, status=Running
2023-07-10 21:53:25,147|caper.cromwell_workflow_monitor|INFO| Task: id=c0e3eacd-1682-4e35-b624-65da6bb371a8, task=atac.spr:0, retry=0, status=Started, job_id=23744818
2023-07-10 21:53:25,149|caper.cromwell_workflow_monitor|INFO| Task: id=c0e3eacd-1682-4e35-b624-65da6bb371a8, task=atac.spr:0, retry=0, status=Running
2023-07-10 21:57:10,170|caper.cromwell_workflow_monitor|INFO| Task: id=c0e3eacd-1682-4e35-b624-65da6bb371a8, task=atac.read_genome_tsv:-1, retry=0, status=Done
2023-07-10 21:57:20,146|caper.cromwell_workflow_monitor|INFO| Task: id=c0e3eacd-1682-4e35-b624-65da6bb371a8, task=atac.macs2_signal_track:0, retry=0, status=Started, job_id=23745727
2023-07-10 21:57:20,148|caper.cromwell_workflow_monitor|INFO| Task: id=c0e3eacd-1682-4e35-b624-65da6bb371a8, task=atac.macs2_signal_track:0, retry=0, status=Running
2023-07-10 21:57:35,149|caper.cromwell_workflow_monitor|INFO| Task: id=c0e3eacd-1682-4e35-b624-65da6bb371a8, task=atac.call_peak:0, retry=0, status=Started, job_id=23745745
2023-07-10 21:57:35,149|caper.cromwell_workflow_monitor|INFO| Task: id=c0e3eacd-1682-4e35-b624-65da6bb371a8, task=atac.annot_enrich:0, retry=0, status=Started, job_id=23745747
2023-07-10 21:57:35,153|caper.cromwell_workflow_monitor|INFO| Task: id=c0e3eacd-1682-4e35-b624-65da6bb371a8, task=atac.annot_enrich:0, retry=0, status=Running
2023-07-10 21:57:35,153|caper.cromwell_workflow_monitor|INFO| Task: id=c0e3eacd-1682-4e35-b624-65da6bb371a8, task=atac.call_peak:0, retry=0, status=Running
2023-07-10 22:00:56,575|caper.cromwell_workflow_monitor|INFO| Task: id=c0e3eacd-1682-4e35-b624-65da6bb371a8, task=atac.spr:0, retry=0, status=Done
2023-07-10 22:01:10,150|caper.cromwell_workflow_monitor|INFO| Task: id=c0e3eacd-1682-4e35-b624-65da6bb371a8, task=atac.call_peak_pr2:0, retry=0, status=Started, job_id=23746138
2023-07-10 22:01:10,152|caper.cromwell_workflow_monitor|INFO| Task: id=c0e3eacd-1682-4e35-b624-65da6bb371a8, task=atac.call_peak_pr1:0, retry=0, status=Started, job_id=23746137
2023-07-10 22:01:10,157|caper.cromwell_workflow_monitor|INFO| Task: id=c0e3eacd-1682-4e35-b624-65da6bb371a8, task=atac.call_peak_pr2:0, retry=0, status=Running
2023-07-10 22:01:10,157|caper.cromwell_workflow_monitor|INFO| Task: id=c0e3eacd-1682-4e35-b624-65da6bb371a8, task=atac.call_peak_pr1:0, retry=0, status=Running
2023-07-10 22:11:54,627|caper.cromwell_workflow_monitor|INFO| Task: id=c0e3eacd-1682-4e35-b624-65da6bb371a8, task=atac.annot_enrich:0, retry=0, status=Done
2023-07-10 22:16:48,246|caper.cromwell_workflow_monitor|INFO| Task: id=c0e3eacd-1682-4e35-b624-65da6bb371a8, task=atac.call_peak:0, retry=0, status=Done
2023-07-10 22:17:54,604|caper.cromwell_workflow_monitor|INFO| Task: id=c0e3eacd-1682-4e35-b624-65da6bb371a8, task=atac.call_peak_pr2:0, retry=0, status=Done
2023-07-10 22:20:24,947|caper.cromwell_workflow_monitor|INFO| Task: id=c0e3eacd-1682-4e35-b624-65da6bb371a8, task=atac.call_peak_pr1:0, retry=0, status=Done
2023-07-10 22:20:35,145|caper.cromwell_workflow_monitor|INFO| Task: id=c0e3eacd-1682-4e35-b624-65da6bb371a8, task=atac.overlap_pr:0, retry=0, status=Started, job_id=23748071
2023-07-10 22:20:35,147|caper.cromwell_workflow_monitor|INFO| Task: id=c0e3eacd-1682-4e35-b624-65da6bb371a8, task=atac.overlap_pr:0, retry=0, status=Running
2023-07-10 22:20:40,147|caper.cromwell_workflow_monitor|INFO| Task: id=c0e3eacd-1682-4e35-b624-65da6bb371a8, task=atac.idr_pr:0, retry=0, status=Started, job_id=23748076
2023-07-10 22:20:40,149|caper.cromwell_workflow_monitor|INFO| Task: id=c0e3eacd-1682-4e35-b624-65da6bb371a8, task=atac.idr_pr:0, retry=0, status=Running
2023-07-10 22:32:22,855|caper.cromwell_workflow_monitor|INFO| Task: id=c0e3eacd-1682-4e35-b624-65da6bb371a8, task=atac.overlap_pr:0, retry=0, status=Done
2023-07-10 22:32:35,145|caper.cromwell_workflow_monitor|INFO| Task: id=c0e3eacd-1682-4e35-b624-65da6bb371a8, task=atac.reproducibility_overlap:-1, retry=0, status=Started, job_id=23748988
2023-07-10 22:32:35,146|caper.cromwell_workflow_monitor|INFO| Task: id=c0e3eacd-1682-4e35-b624-65da6bb371a8, task=atac.reproducibility_overlap:-1, retry=0, status=Running
2023-07-10 22:36:25,506|caper.cromwell_workflow_monitor|INFO| Task: id=c0e3eacd-1682-4e35-b624-65da6bb371a8, task=atac.idr_pr:0, retry=0, status=Done
2023-07-10 22:36:35,144|caper.cromwell_workflow_monitor|INFO| Task: id=c0e3eacd-1682-4e35-b624-65da6bb371a8, task=atac.reproducibility_idr:-1, retry=0, status=Started, job_id=23749315
2023-07-10 22:36:35,145|caper.cromwell_workflow_monitor|INFO| Task: id=c0e3eacd-1682-4e35-b624-65da6bb371a8, task=atac.reproducibility_idr:-1, retry=0, status=Running
2023-07-10 22:44:50,456|caper.cromwell_workflow_monitor|INFO| Task: id=c0e3eacd-1682-4e35-b624-65da6bb371a8, task=atac.reproducibility_idr:-1, retry=0, status=Done
2023-07-10 22:45:51,704|caper.cromwell_workflow_monitor|INFO| Task: id=c0e3eacd-1682-4e35-b624-65da6bb371a8, task=atac.reproducibility_overlap:-1, retry=0, status=Done
2023-07-10 23:57:21,221|caper.cromwell_workflow_monitor|INFO| Task: id=c0e3eacd-1682-4e35-b624-65da6bb371a8, task=atac.macs2_signal_track:0, retry=0, status=Done
2023-07-10 23:57:35,134|caper.cromwell_workflow_monitor|INFO| Task: id=c0e3eacd-1682-4e35-b624-65da6bb371a8, task=atac.qc_report:-1, retry=0, status=Started, job_id=23757333
2023-07-10 23:57:35,135|caper.cromwell_workflow_monitor|INFO| Task: id=c0e3eacd-1682-4e35-b624-65da6bb371a8, task=atac.qc_report:-1, retry=0, status=Running
2023-07-11 00:02:11,764|caper.cromwell_workflow_monitor|INFO| Task: id=c0e3eacd-1682-4e35-b624-65da6bb371a8, task=atac.qc_report:-1, retry=0, status=Done
2023-07-11 00:02:15,169|caper.cromwell_workflow_monitor|INFO| Workflow: id=c0e3eacd-1682-4e35-b624-65da6bb371a8, status=Succeeded
2023-07-11 00:02:46,320|caper.cromwell_metadata|INFO| Wrote metadata file. /scratch/users/ziwei75/ALS_colab/output/alpha_control/atac/c0e3eacd-1682-4e35-b624-65da6bb371a8/metadata.json
2023-07-11 00:02:46,321|caper.nb_subproc_thread|INFO| Cromwell finished successfully.
