alpha_early_disease
2023-07-11 14:50:53,917|caper.cli|INFO| Cromwell stdout: /oak/stanford/groups/akundaje/ziwei75/ALS_colab/script/cromwell.out.2
2023-07-11 14:50:53,985|caper.caper_base|INFO| Creating a timestamped temporary directory. /scratch/users/ziwei75/ALS_colab/output/alpha_early_disease/.caper_tmp/atac/20230711_145053_983549
2023-07-11 14:50:53,985|caper.caper_runner|INFO| Localizing files on work_dir. /scratch/users/ziwei75/ALS_colab/output/alpha_early_disease/.caper_tmp/atac/20230711_145053_983549
2023-07-11 14:50:55,274|caper.cromwell|INFO| Validating WDL/inputs/imports with Womtool...
2023-07-11 14:51:01,567|caper.nb_subproc_thread|INFO| Subprocess finished successfully.
2023-07-11 14:51:01,567|caper.cromwell|INFO| Passed Womtool validation.
2023-07-11 14:51:01,568|caper.caper_runner|INFO| launching run: wdl=/home/users/ziwei75/atac-seq-pipeline/atac.wdl, inputs=/oak/stanford/groups/akundaje/ziwei75/ALS_colab/script/alpha_early_disease.json, backend_conf=/scratch/users/ziwei75/ALS_colab/output/alpha_early_disease/.caper_tmp/atac/20230711_145053_983549/backend.conf
2023-07-11 14:51:13,610|caper.cromwell_workflow_monitor|INFO| Workflow: id=1c0d6449-b166-48b2-82ec-c6f26166bb85, status=Submitted
2023-07-11 14:51:13,683|caper.cromwell_workflow_monitor|INFO| Workflow: id=1c0d6449-b166-48b2-82ec-c6f26166bb85, status=Running
2023-07-11 14:51:28,221|caper.cromwell_workflow_monitor|INFO| Task: id=1c0d6449-b166-48b2-82ec-c6f26166bb85, task=atac.read_genome_tsv:-1, retry=0, status=Started, job_id=23827007
2023-07-11 14:51:28,226|caper.cromwell_workflow_monitor|INFO| Task: id=1c0d6449-b166-48b2-82ec-c6f26166bb85, task=atac.read_genome_tsv:-1, retry=0, status=Running
2023-07-11 14:51:43,206|caper.cromwell_workflow_monitor|INFO| Task: id=1c0d6449-b166-48b2-82ec-c6f26166bb85, task=atac.spr:0, retry=0, status=Started, job_id=23827011
2023-07-11 14:51:43,207|caper.cromwell_workflow_monitor|INFO| Task: id=1c0d6449-b166-48b2-82ec-c6f26166bb85, task=atac.spr:0, retry=0, status=Running
2023-07-11 14:53:52,565|caper.cromwell_workflow_monitor|INFO| Task: id=1c0d6449-b166-48b2-82ec-c6f26166bb85, task=atac.read_genome_tsv:-1, retry=0, status=Done
2023-07-11 14:54:08,199|caper.cromwell_workflow_monitor|INFO| Task: id=1c0d6449-b166-48b2-82ec-c6f26166bb85, task=atac.macs2_signal_track:0, retry=0, status=Started, job_id=23827091
2023-07-11 14:54:08,200|caper.cromwell_workflow_monitor|INFO| Task: id=1c0d6449-b166-48b2-82ec-c6f26166bb85, task=atac.call_peak:0, retry=0, status=Started, job_id=23827093
2023-07-11 14:54:08,200|caper.cromwell_workflow_monitor|INFO| Task: id=1c0d6449-b166-48b2-82ec-c6f26166bb85, task=atac.annot_enrich:0, retry=0, status=Started, job_id=23827095
2023-07-11 14:54:08,209|caper.cromwell_workflow_monitor|INFO| Task: id=1c0d6449-b166-48b2-82ec-c6f26166bb85, task=atac.macs2_signal_track:0, retry=0, status=Running
2023-07-11 14:54:08,213|caper.cromwell_workflow_monitor|INFO| Task: id=1c0d6449-b166-48b2-82ec-c6f26166bb85, task=atac.call_peak:0, retry=0, status=Running
2023-07-11 14:54:08,214|caper.cromwell_workflow_monitor|INFO| Task: id=1c0d6449-b166-48b2-82ec-c6f26166bb85, task=atac.annot_enrich:0, retry=0, status=Running
2023-07-11 14:55:56,953|caper.cromwell_workflow_monitor|INFO| Task: id=1c0d6449-b166-48b2-82ec-c6f26166bb85, task=atac.spr:0, retry=0, status=Done
2023-07-11 14:56:08,207|caper.cromwell_workflow_monitor|INFO| Task: id=1c0d6449-b166-48b2-82ec-c6f26166bb85, task=atac.call_peak_pr1:0, retry=0, status=Started, job_id=23827195
2023-07-11 14:56:08,208|caper.cromwell_workflow_monitor|INFO| Task: id=1c0d6449-b166-48b2-82ec-c6f26166bb85, task=atac.call_peak_pr1:0, retry=0, status=Running
2023-07-11 14:56:13,205|caper.cromwell_workflow_monitor|INFO| Task: id=1c0d6449-b166-48b2-82ec-c6f26166bb85, task=atac.call_peak_pr2:0, retry=0, status=Started, job_id=23827196
2023-07-11 14:56:13,206|caper.cromwell_workflow_monitor|INFO| Task: id=1c0d6449-b166-48b2-82ec-c6f26166bb85, task=atac.call_peak_pr2:0, retry=0, status=Running
2023-07-11 15:01:40,083|caper.cromwell_workflow_monitor|INFO| Task: id=1c0d6449-b166-48b2-82ec-c6f26166bb85, task=atac.annot_enrich:0, retry=0, status=Done
2023-07-11 15:05:55,563|caper.cromwell_workflow_monitor|INFO| Task: id=1c0d6449-b166-48b2-82ec-c6f26166bb85, task=atac.call_peak:0, retry=0, status=Done
2023-07-11 15:06:24,202|caper.cromwell_workflow_monitor|INFO| Task: id=1c0d6449-b166-48b2-82ec-c6f26166bb85, task=atac.call_peak_pr1:0, retry=0, status=Done
2023-07-11 15:08:10,254|caper.cromwell_workflow_monitor|INFO| Task: id=1c0d6449-b166-48b2-82ec-c6f26166bb85, task=atac.call_peak_pr2:0, retry=0, status=Done
2023-07-11 15:08:23,221|caper.cromwell_workflow_monitor|INFO| Task: id=1c0d6449-b166-48b2-82ec-c6f26166bb85, task=atac.idr_pr:0, retry=0, status=Started, job_id=23828069
2023-07-11 15:08:23,222|caper.cromwell_workflow_monitor|INFO| Task: id=1c0d6449-b166-48b2-82ec-c6f26166bb85, task=atac.overlap_pr:0, retry=0, status=Started, job_id=23828072
2023-07-11 15:08:23,229|caper.cromwell_workflow_monitor|INFO| Task: id=1c0d6449-b166-48b2-82ec-c6f26166bb85, task=atac.overlap_pr:0, retry=0, status=Running
2023-07-11 15:08:23,229|caper.cromwell_workflow_monitor|INFO| Task: id=1c0d6449-b166-48b2-82ec-c6f26166bb85, task=atac.idr_pr:0, retry=0, status=Running
2023-07-11 15:15:21,462|caper.cromwell_workflow_monitor|INFO| Task: id=1c0d6449-b166-48b2-82ec-c6f26166bb85, task=atac.overlap_pr:0, retry=0, status=Done
2023-07-11 15:15:28,207|caper.cromwell_workflow_monitor|INFO| Task: id=1c0d6449-b166-48b2-82ec-c6f26166bb85, task=atac.reproducibility_overlap:-1, retry=0, status=Started, job_id=23828589
2023-07-11 15:15:28,208|caper.cromwell_workflow_monitor|INFO| Task: id=1c0d6449-b166-48b2-82ec-c6f26166bb85, task=atac.reproducibility_overlap:-1, retry=0, status=Running
2023-07-11 15:18:50,873|caper.cromwell_workflow_monitor|INFO| Task: id=1c0d6449-b166-48b2-82ec-c6f26166bb85, task=atac.idr_pr:0, retry=0, status=Done
2023-07-11 15:19:06,212|caper.cromwell_workflow_monitor|INFO| Task: id=1c0d6449-b166-48b2-82ec-c6f26166bb85, task=atac.reproducibility_overlap:-1, retry=0, status=Done
2023-07-11 15:19:08,202|caper.cromwell_workflow_monitor|INFO| Task: id=1c0d6449-b166-48b2-82ec-c6f26166bb85, task=atac.reproducibility_idr:-1, retry=0, status=Started, job_id=23828756
2023-07-11 15:19:08,204|caper.cromwell_workflow_monitor|INFO| Task: id=1c0d6449-b166-48b2-82ec-c6f26166bb85, task=atac.reproducibility_idr:-1, retry=0, status=Running
2023-07-11 15:23:32,673|caper.cromwell_workflow_monitor|INFO| Task: id=1c0d6449-b166-48b2-82ec-c6f26166bb85, task=atac.reproducibility_idr:-1, retry=0, status=Done
2023-07-11 16:26:11,577|caper.cromwell_workflow_monitor|INFO| Task: id=1c0d6449-b166-48b2-82ec-c6f26166bb85, task=atac.macs2_signal_track:0, retry=0, status=Done
2023-07-11 16:27:08,208|caper.cromwell_workflow_monitor|INFO| Task: id=1c0d6449-b166-48b2-82ec-c6f26166bb85, task=atac.qc_report:-1, retry=0, status=Started, job_id=23833820
2023-07-11 16:27:08,211|caper.cromwell_workflow_monitor|INFO| Task: id=1c0d6449-b166-48b2-82ec-c6f26166bb85, task=atac.qc_report:-1, retry=0, status=Running
2023-07-11 16:38:09,283|caper.cromwell_workflow_monitor|INFO| Task: id=1c0d6449-b166-48b2-82ec-c6f26166bb85, task=atac.qc_report:-1, retry=0, status=Done
2023-07-11 16:38:13,213|caper.cromwell_workflow_monitor|INFO| Workflow: id=1c0d6449-b166-48b2-82ec-c6f26166bb85, status=Succeeded
2023-07-11 16:39:19,066|caper.cromwell_metadata|INFO| Wrote metadata file. /scratch/users/ziwei75/ALS_colab/output/alpha_early_disease/atac/1c0d6449-b166-48b2-82ec-c6f26166bb85/metadata.json
2023-07-11 16:39:19,066|caper.nb_subproc_thread|INFO| Cromwell finished successfully.
